LOG_Info TDRS 【时间】 2019-05-25  20:12:27 377：  【信息】： Listen Success! 
LOG_Info TDRS 【时间】 2019-05-25  20:12:27 379：  【信息】： Socket Listen connected. 
LOG_Info TDRS 【时间】 2019-05-25  20:12:27 397：  【信息】： STSEventLog Modle started!  
LOG_Info TDRS 【时间】 2019-05-25  20:12:27 401：  【信息】： Schedule modle started! 
LOG_Info TDRS 【时间】 2019-05-25  20:12:27 753：  【信息】： Start VoltageController failed! 
LOG_Info TDRS 【时间】 2019-05-25  20:13:03 097：  【信息】： Listen Success! 
LOG_Info TDRS 【时间】 2019-05-25  20:13:03 098：  【信息】： Socket Listen connected. 
LOG_Info TDRS 【时间】 2019-05-25  20:13:03 125：  【信息】： STSEventLog Modle started!  
LOG_Info TDRS 【时间】 2019-05-25  20:13:03 128：  【信息】： Schedule modle started! 
LOG_Info TDRS 【时间】 2019-05-25  20:18:07 866：  【信息】： Listen Success! 
LOG_Info TDRS 【时间】 2019-05-25  20:18:07 867：  【信息】： Socket Listen connected. 
LOG_Info TDRS 【时间】 2019-05-25  20:18:07 888：  【信息】： STSEventLog Modle started!  
LOG_Info TDRS 【时间】 2019-05-25  20:18:07 898：  【信息】： Schedule modle started! 
LOG_Info TDRS 【时间】 2019-05-25  20:21:37 142：  【信息】： Listen Success! 
LOG_Info TDRS 【时间】 2019-05-25  20:21:37 143：  【信息】： Socket Listen connected. 
LOG_Info TDRS 【时间】 2019-05-25  20:21:37 169：  【信息】： STSEventLog Modle started!  
LOG_Info TDRS 【时间】 2019-05-25  20:21:37 172：  【信息】： Schedule modle started! 
LOG_Info TDRS 【时间】 2019-05-25  20:21:44 565：  【信息】： VoltageController modle started! 
LOG_Info TDRS 【时间】 2019-05-25  20:21:54 251：  【信息】： 10001111 
LOG_Info TDRS 【时间】 2019-05-25  20:21:54 252：  【信息】： 队列中出来的信号:10001111 
LOG_Info TDRS 【时间】 2019-05-25  20:21:54 252：  【信息】： 开启一号磁钢计数结果为: 1 
LOG_Info TDRS 【时间】 2019-05-25  20:21:54 948：  【信息】： 10001111 
LOG_Info TDRS 【时间】 2019-05-25  20:21:54 952：  【信息】： 队列中出来的信号:10001111 
LOG_Info TDRS 【时间】 2019-05-25  20:21:54 952：  【信息】： 所有磁钢信号为空，不作任何处理！ 
LOG_Info TDRS 【时间】 2019-05-25  20:21:55 653：  【信息】： 10001111 
LOG_Info TDRS 【时间】 2019-05-25  20:21:55 654：  【信息】： 队列中出来的信号:10001111 
LOG_Info TDRS 【时间】 2019-05-25  20:21:55 654：  【信息】： 开启一号磁钢计数结果为: 2 
LOG_Info TDRS 【时间】 2019-05-25  20:21:59 358：  【信息】： 10001111 
LOG_Info TDRS 【时间】 2019-05-25  20:21:59 360：  【信息】： 队列中出来的信号:10001111 
LOG_Info TDRS 【时间】 2019-05-25  20:21:59 360：  【信息】： 开启一号磁钢计数结果为: 3 
LOG_Info TDRS 【时间】 2019-05-25  20:22:00 170：  【信息】： 10001111 
LOG_Info TDRS 【时间】 2019-05-25  20:22:00 172：  【信息】： 队列中出来的信号:10001111 
LOG_Info TDRS 【时间】 2019-05-25  20:22:00 172：  【信息】： 开启一号磁钢计数结果为: 4 
LOG_Info TDRS 【时间】 2019-05-25  20:22:00 991：  【信息】： 10001111 
LOG_Info TDRS 【时间】 2019-05-25  20:22:00 993：  【信息】： 队列中出来的信号:10001111 
LOG_Info TDRS 【时间】 2019-05-25  20:22:00 993：  【信息】： 开启一号磁钢计数结果为: 5 
LOG_Info TDRS 【时间】 2019-05-25  20:23:10 678：  【信息】： 01001111 
LOG_Info TDRS 【时间】 2019-05-25  20:23:10 680：  【信息】： 队列中出来的信号:01001111 
LOG_Info TDRS 【时间】 2019-05-25  20:23:10 680：  【信息】： 所有磁钢信号为空，不作任何处理！ 
LOG_Info TDRS 【时间】 2019-05-25  20:23:11 552：  【信息】： 01001111 
LOG_Info TDRS 【时间】 2019-05-25  20:23:11 553：  【信息】： 队列中出来的信号:01001111 
LOG_Info TDRS 【时间】 2019-05-25  20:23:11 553：  【信息】： 开启其他磁钢计数结果：二号磁钢：1  ；三号磁钢：0 ； 四号磁钢 ：0  
LOG_Info TDRS 【时间】 2019-05-25  20:23:11 748：  【信息】： [{"startTag":"Y","isMulti":"N","illumination":"1","station":"heifei","CameraParameters":[]}] 
LOG_Info TDRS 【时间】 2019-05-25  20:23:11 748：  【信息】： 发送相机开机指令！ 
LOG_Info TDRS 【时间】 2019-05-25  20:23:12 437：  【信息】： 01001111 
LOG_Info TDRS 【时间】 2019-05-25  20:23:12 439：  【信息】： 队列中出来的信号:01001111 
LOG_Info TDRS 【时间】 2019-05-25  20:23:12 439：  【信息】： 开启其他磁钢计数结果：二号磁钢：2  ；三号磁钢：0 ； 四号磁钢 ：0  
LOG_Info TDRS 【时间】 2019-05-25  20:23:15 631：  【信息】： 00101111 
LOG_Info TDRS 【时间】 2019-05-25  20:23:15 635：  【信息】： 队列中出来的信号:00101111 
LOG_Info TDRS 【时间】 2019-05-25  20:23:15 635：  【信息】： 所有磁钢信号为空，不作任何处理！ 
LOG_Info TDRS 【时间】 2019-05-25  20:23:16 550：  【信息】： 00101111 
LOG_Info TDRS 【时间】 2019-05-25  20:23:16 551：  【信息】： 队列中出来的信号:00101111 
LOG_Info TDRS 【时间】 2019-05-25  20:23:16 551：  【信息】： 开启其他磁钢计数结果：二号磁钢：2  ；三号磁钢：1 ； 四号磁钢 ：0  
LOG_Info TDRS 【时间】 2019-05-25  20:23:16 820：  【信息】： 01001111 
LOG_Info TDRS 【时间】 2019-05-25  20:23:16 822：  【信息】： 队列中出来的信号:01001111 
LOG_Info TDRS 【时间】 2019-05-25  20:23:16 822：  【信息】： 开启其他磁钢计数结果：二号磁钢：3  ；三号磁钢：1 ； 四号磁钢 ：0  
LOG_Info TDRS 【时间】 2019-05-25  20:23:17 472：  【信息】： 00101111 
LOG_Info TDRS 【时间】 2019-05-25  20:23:17 474：  【信息】： 队列中出来的信号:00101111 
LOG_Info TDRS 【时间】 2019-05-25  20:23:17 474：  【信息】： 开启其他磁钢计数结果：二号磁钢：3  ；三号磁钢：2 ； 四号磁钢 ：0  
LOG_Info TDRS 【时间】 2019-05-25  20:23:17 737：  【信息】： 01001111 
LOG_Info TDRS 【时间】 2019-05-25  20:23:18 602：  【信息】： 01001111 
LOG_Info TDRS 【时间】 2019-05-25  20:23:18 604：  【信息】： 队列中出来的信号:01001111 
LOG_Info TDRS 【时间】 2019-05-25  20:23:18 604：  【信息】： 所有磁钢信号为空，不作任何处理！ 
LOG_Info TDRS 【时间】 2019-05-25  20:23:21 537：  【信息】： 00101111 
LOG_Info TDRS 【时间】 2019-05-25  20:23:21 539：  【信息】： 队列中出来的信号:00101111 
LOG_Info TDRS 【时间】 2019-05-25  20:23:21 539：  【信息】： 开启其他磁钢计数结果：二号磁钢：3  ；三号磁钢：3 ； 四号磁钢 ：0  
LOG_Info TDRS 【时间】 2019-05-25  20:23:22 378：  【信息】： 00101111 
LOG_Info TDRS 【时间】 2019-05-25  20:23:22 380：  【信息】： 队列中出来的信号:00101111 
LOG_Info TDRS 【时间】 2019-05-25  20:23:22 380：  【信息】： 开启其他磁钢计数结果：二号磁钢：3  ；三号磁钢：4 ； 四号磁钢 ：0  
LOG_Info TDRS 【时间】 2019-05-25  20:23:23 227：  【信息】： 00101111 
LOG_Info TDRS 【时间】 2019-05-25  20:23:23 229：  【信息】： 队列中出来的信号:00101111 
LOG_Info TDRS 【时间】 2019-05-25  20:23:23 229：  【信息】： 开启其他磁钢计数结果：二号磁钢：3  ；三号磁钢：5 ； 四号磁钢 ：0  
LOG_Info TDRS 【时间】 2019-05-25  20:23:25 714：  【信息】： 00011111 
LOG_Info TDRS 【时间】 2019-05-25  20:23:25 716：  【信息】： 队列中出来的信号:00011111 
LOG_Info TDRS 【时间】 2019-05-25  20:23:25 716：  【信息】： 开启其他磁钢计数结果：二号磁钢：3  ；三号磁钢：5 ； 四号磁钢 ：1  
LOG_Info TDRS 【时间】 2019-05-25  20:23:26 581：  【信息】： 00011111 
LOG_Info TDRS 【时间】 2019-05-25  20:23:26 583：  【信息】： 队列中出来的信号:00011111 
LOG_Info TDRS 【时间】 2019-05-25  20:23:26 583：  【信息】： 开启其他磁钢计数结果：二号磁钢：3  ；三号磁钢：5 ； 四号磁钢 ：2  
LOG_Info TDRS 【时间】 2019-05-25  20:23:27 454：  【信息】： 00011111 
LOG_Info TDRS 【时间】 2019-05-25  20:23:27 457：  【信息】： 队列中出来的信号:00011111 
LOG_Info TDRS 【时间】 2019-05-25  20:23:27 457：  【信息】： 开启其他磁钢计数结果：二号磁钢：3  ；三号磁钢：5 ； 四号磁钢 ：3  
LOG_Info TDRS 【时间】 2019-05-25  20:23:31 753：  【信息】： 00011111 
LOG_Info TDRS 【时间】 2019-05-25  20:23:31 755：  【信息】： 队列中出来的信号:00011111 
LOG_Info TDRS 【时间】 2019-05-25  20:23:31 755：  【信息】： 开启其他磁钢计数结果：二号磁钢：3  ；三号磁钢：5 ； 四号磁钢 ：4  
LOG_Info TDRS 【时间】 2019-05-25  20:23:32 637：  【信息】： 00011111 
LOG_Info TDRS 【时间】 2019-05-25  20:23:32 639：  【信息】： 队列中出来的信号:00011111 
LOG_Info TDRS 【时间】 2019-05-25  20:23:32 639：  【信息】： 开启其他磁钢计数结果：二号磁钢：3  ；三号磁钢：5 ； 四号磁钢 ：5  
LOG_Info TDRS 【时间】 2019-05-25  20:23:33 555：  【信息】： 00011111 
LOG_Info TDRS 【时间】 2019-05-25  20:23:33 557：  【信息】： 队列中出来的信号:00011111 
LOG_Info TDRS 【时间】 2019-05-25  20:23:33 557：  【信息】： 开启其他磁钢计数结果：二号磁钢：3  ；三号磁钢：5 ； 四号磁钢 ：6  
LOG_Info TDRS 【时间】 2019-05-25  20:23:41 750：  【信息】： 超时关闭相机 
LOG_Info TDRS 【时间】 2019-05-25  20:23:41 751：  【信息】： 超时流程关闭IDO7 
LOG_Info TDRS 【时间】 2019-05-25  20:23:41 752：  【信息】： [{"startTag":"N","isMulti":"N","illumination":"1","station":"heifei","CameraParameters":[]}] 
LOG_Info TDRS 【时间】 2019-05-25  20:23:41 752：  【信息】： 发送相机关机指令！ 
LOG_Info TDRS 【时间】 2019-05-25  20:23:41 754：  【信息】： 计数已清空！ 
LOG_Info TDRS 【时间】 2019-05-25  20:26:45 415：  【信息】： Listen Success! 
LOG_Info TDRS 【时间】 2019-05-25  20:26:45 418：  【信息】： Socket Listen connected. 
LOG_Info TDRS 【时间】 2019-05-25  20:26:45 438：  【信息】： STSEventLog Modle started!  
LOG_Info TDRS 【时间】 2019-05-25  20:26:45 441：  【信息】： Schedule modle started! 
LOG_Info TDRS 【时间】 2019-05-25  20:26:49 163：  【信息】： VoltageController modle started! 
LOG_Info TDRS 【时间】 2019-05-25  20:28:32 372：  【信息】： 10001111 
LOG_Info TDRS 【时间】 2019-05-25  20:28:32 373：  【信息】： 队列中出来的信号:10001111 
LOG_Info TDRS 【时间】 2019-05-25  20:28:32 373：  【信息】： 开启一号磁钢计数结果为: 1 
LOG_Info TDRS 【时间】 2019-05-25  20:28:32 998：  【信息】： 10001111 
LOG_Info TDRS 【时间】 2019-05-25  20:28:32 999：  【信息】： 队列中出来的信号:10001111 
LOG_Info TDRS 【时间】 2019-05-25  20:28:32 999：  【信息】： 开启一号磁钢计数结果为: 2 
LOG_Info TDRS 【时间】 2019-05-25  20:28:33 556：  【信息】： 10001111 
LOG_Info TDRS 【时间】 2019-05-25  20:28:33 560：  【信息】： 队列中出来的信号:10001111 
LOG_Info TDRS 【时间】 2019-05-25  20:28:33 560：  【信息】： 所有磁钢信号为空，不作任何处理！ 
LOG_Info TDRS 【时间】 2019-05-25  20:28:35 890：  【信息】： 10001111 
LOG_Info TDRS 【时间】 2019-05-25  20:28:35 891：  【信息】： 队列中出来的信号:10001111 
LOG_Info TDRS 【时间】 2019-05-25  20:28:35 891：  【信息】： 开启一号磁钢计数结果为: 3 
LOG_Info TDRS 【时间】 2019-05-25  20:28:36 457：  【信息】： 10001111 
LOG_Info TDRS 【时间】 2019-05-25  20:28:36 459：  【信息】： 队列中出来的信号:10001111 
LOG_Info TDRS 【时间】 2019-05-25  20:28:36 459：  【信息】： 所有磁钢信号为空，不作任何处理！ 
LOG_Info TDRS 【时间】 2019-05-25  20:28:37 094：  【信息】： 10001111 
LOG_Info TDRS 【时间】 2019-05-25  20:28:37 096：  【信息】： 队列中出来的信号:10001111 
LOG_Info TDRS 【时间】 2019-05-25  20:28:37 096：  【信息】： 开启一号磁钢计数结果为: 4 
LOG_Info TDRS 【时间】 2019-05-25  20:29:46 548：  【信息】： 00101111 
LOG_Info TDRS 【时间】 2019-05-25  20:29:46 550：  【信息】： 队列中出来的信号:00101111 
LOG_Info TDRS 【时间】 2019-05-25  20:29:46 550：  【信息】： 开启其他磁钢计数结果：二号磁钢：0  ；三号磁钢：1 ； 四号磁钢 ：0  
LOG_Info TDRS 【时间】 2019-05-25  20:29:46 551：  【信息】： 计数已清空！ 
LOG_Info TDRS 【时间】 2019-05-25  20:29:46 551：  【信息】： 由于1号磁感小于3 或者 1号磁钢大于等于3且2号磁钢脉冲等于0，如果三号四号有脉冲 则清空所有计数！ 
LOG_Info TDRS 【时间】 2019-05-25  20:29:47 605：  【信息】： 00101111 
LOG_Info TDRS 【时间】 2019-05-25  20:29:47 607：  【信息】： 队列中出来的信号:00101111 
LOG_Info TDRS 【时间】 2019-05-25  20:29:47 760：  【信息】： 01001111 
LOG_Info TDRS 【时间】 2019-05-25  20:29:47 762：  【信息】： 队列中出来的信号:01001111 
LOG_Info TDRS 【时间】 2019-05-25  20:29:48 496：  【信息】： 00101111 
LOG_Info TDRS 【时间】 2019-05-25  20:29:48 497：  【信息】： 队列中出来的信号:00101111 
LOG_Info TDRS 【时间】 2019-05-25  20:29:48 648：  【信息】： 01001111 
LOG_Info TDRS 【时间】 2019-05-25  20:29:48 650：  【信息】： 队列中出来的信号:01001111 
LOG_Info TDRS 【时间】 2019-05-25  20:29:49 658：  【信息】： 01001111 
LOG_Info TDRS 【时间】 2019-05-25  20:29:49 660：  【信息】： 队列中出来的信号:01001111 
LOG_Info TDRS 【时间】 2019-05-25  20:29:52 237：  【信息】： 00101111 
LOG_Info TDRS 【时间】 2019-05-25  20:29:52 239：  【信息】： 队列中出来的信号:00101111 
LOG_Info TDRS 【时间】 2019-05-25  20:29:53 147：  【信息】： 00101111 
LOG_Info TDRS 【时间】 2019-05-25  20:29:53 149：  【信息】： 队列中出来的信号:00101111 
LOG_Info TDRS 【时间】 2019-05-25  20:29:54 181：  【信息】： 00101111 
LOG_Info TDRS 【时间】 2019-05-25  20:29:54 183：  【信息】： 队列中出来的信号:00101111 
LOG_Info TDRS 【时间】 2019-05-25  20:29:56 162：  【信息】： 00011111 
LOG_Info TDRS 【时间】 2019-05-25  20:29:56 164：  【信息】： 队列中出来的信号:00011111 
LOG_Info TDRS 【时间】 2019-05-25  20:29:57 213：  【信息】： 00011111 
LOG_Info TDRS 【时间】 2019-05-25  20:29:57 217：  【信息】： 队列中出来的信号:00011111 
LOG_Info TDRS 【时间】 2019-05-25  20:29:57 217：  【信息】： 所有磁钢信号为空，不作任何处理！ 
LOG_Info TDRS 【时间】 2019-05-25  20:29:58 149：  【信息】： 00011111 
LOG_Info TDRS 【时间】 2019-05-25  20:29:58 151：  【信息】： 队列中出来的信号:00011111 
LOG_Info TDRS 【时间】 2019-05-25  20:30:01 558：  【信息】： 127.0.0.1:52200:Connect Success!
 
LOG_Info TDRS 【时间】 2019-05-25  20:30:02 066：  【信息】： 00011111 
LOG_Info TDRS 【时间】 2019-05-25  20:30:02 069：  【信息】： 队列中出来的信号:00011111 
LOG_Info TDRS 【时间】 2019-05-25  20:30:03 026：  【信息】： 00011111 
LOG_Info TDRS 【时间】 2019-05-25  20:30:03 029：  【信息】： 队列中出来的信号:00011111 
LOG_Info TDRS 【时间】 2019-05-25  20:30:04 110：  【信息】： 00011111 
LOG_Info TDRS 【时间】 2019-05-25  20:30:04 112：  【信息】： 队列中出来的信号:00011111 
LOG_Info TDRS 【时间】 2019-05-25  20:30:12 617：  【信息】： 127.0.0.1:52200:rrrr
 
LOG_Info TDRS 【时间】 2019-05-25  20:31:23 884：  【信息】： Listen Success! 
LOG_Info TDRS 【时间】 2019-05-25  20:31:23 886：  【信息】： Socket Listen connected. 
LOG_Info TDRS 【时间】 2019-05-25  20:31:23 905：  【信息】： STSEventLog Modle started!  
LOG_Info TDRS 【时间】 2019-05-25  20:31:23 909：  【信息】： Schedule modle started! 
LOG_Info TDRS 【时间】 2019-05-25  20:31:24 185：  【信息】： VoltageController modle started! 
LOG_Info TDRS 【时间】 2019-05-25  20:31:24 186：  【信息】： 输出电压等级：0 
LOG_Info TDRS 【时间】 2019-05-25  20:35:51 085：  【信息】： 10001111 
LOG_Info TDRS 【时间】 2019-05-25  20:35:51 087：  【信息】： 队列中出来的信号:10001111 
LOG_Info TDRS 【时间】 2019-05-25  20:35:51 087：  【信息】： 开启一号磁钢计数结果为: 1 
LOG_Info TDRS 【时间】 2019-05-25  20:35:51 781：  【信息】： 10001111 
LOG_Info TDRS 【时间】 2019-05-25  20:35:51 784：  【信息】： 队列中出来的信号:10001111 
LOG_Info TDRS 【时间】 2019-05-25  20:35:51 784：  【信息】： 开启一号磁钢计数结果为: 2 
LOG_Info TDRS 【时间】 2019-05-25  20:35:52 415：  【信息】： 10001111 
LOG_Info TDRS 【时间】 2019-05-25  20:35:52 418：  【信息】： 队列中出来的信号:10001111 
LOG_Info TDRS 【时间】 2019-05-25  20:35:52 418：  【信息】： 所有磁钢信号为空，不作任何处理！ 
LOG_Info TDRS 【时间】 2019-05-25  20:35:54 970：  【信息】： 10001111 
LOG_Info TDRS 【时间】 2019-05-25  20:35:54 972：  【信息】： 队列中出来的信号:10001111 
LOG_Info TDRS 【时间】 2019-05-25  20:35:54 972：  【信息】： 开启一号磁钢计数结果为: 3 
LOG_Info TDRS 【时间】 2019-05-25  20:35:55 643：  【信息】： 10001111 
LOG_Info TDRS 【时间】 2019-05-25  20:35:55 645：  【信息】： 队列中出来的信号:10001111 
LOG_Info TDRS 【时间】 2019-05-25  20:35:55 645：  【信息】： 开启一号磁钢计数结果为: 4 
LOG_Info TDRS 【时间】 2019-05-25  20:35:56 406：  【信息】： 10001111 
LOG_Info TDRS 【时间】 2019-05-25  20:35:56 408：  【信息】： 队列中出来的信号:10001111 
LOG_Info TDRS 【时间】 2019-05-25  20:35:56 408：  【信息】： 所有磁钢信号为空，不作任何处理！ 
LOG_Info TDRS 【时间】 2019-05-25  20:36:30 712：  【信息】： Listen Success! 
LOG_Info TDRS 【时间】 2019-05-25  20:36:30 713：  【信息】： Socket Listen connected. 
LOG_Info TDRS 【时间】 2019-05-25  20:36:30 733：  【信息】： STSEventLog Modle started!  
LOG_Info TDRS 【时间】 2019-05-25  20:36:30 736：  【信息】： Schedule modle started! 
LOG_Info TDRS 【时间】 2019-05-25  20:36:31 026：  【信息】： VoltageController modle started! 
LOG_Info TDRS 【时间】 2019-05-25  20:37:22 957：  【信息】： 01001111 
LOG_Info TDRS 【时间】 2019-05-25  20:37:22 959：  【信息】： 队列中出来的信号:01001111 
LOG_Info TDRS 【时间】 2019-05-25  20:37:24 639：  【信息】： 01001111 
LOG_Info TDRS 【时间】 2019-05-25  20:37:24 641：  【信息】： 队列中出来的信号:01001111 
LOG_Info TDRS 【时间】 2019-05-25  20:37:28 225：  【信息】： 00101111 
LOG_Info TDRS 【时间】 2019-05-25  20:37:28 227：  【信息】： 队列中出来的信号:00101111 
LOG_Info TDRS 【时间】 2019-05-25  20:37:29 290：  【信息】： 01001111 
LOG_Info TDRS 【时间】 2019-05-25  20:37:29 291：  【信息】： 队列中出来的信号:01001111 
LOG_Info TDRS 【时间】 2019-05-25  20:37:29 402：  【信息】： 00101111 
LOG_Info TDRS 【时间】 2019-05-25  20:37:29 404：  【信息】： 队列中出来的信号:00101111 
LOG_Info TDRS 【时间】 2019-05-25  20:37:29 404：  【信息】： 所有磁钢信号为空，不作任何处理！ 
LOG_Info TDRS 【时间】 2019-05-25  20:37:30 286：  【信息】： 01001111 
LOG_Info TDRS 【时间】 2019-05-25  20:37:30 288：  【信息】： 队列中出来的信号:01001111 
LOG_Info TDRS 【时间】 2019-05-25  20:37:30 288：  【信息】： 所有磁钢信号为空，不作任何处理！ 
LOG_Info TDRS 【时间】 2019-05-25  20:37:30 389：  【信息】： 00101111 
LOG_Info TDRS 【时间】 2019-05-25  20:37:30 390：  【信息】： 队列中出来的信号:00101111 
LOG_Info TDRS 【时间】 2019-05-25  20:37:31 352：  【信息】： 01001111 
LOG_Info TDRS 【时间】 2019-05-25  20:37:31 354：  【信息】： 队列中出来的信号:01001111 
LOG_Info TDRS 【时间】 2019-05-25  20:37:33 912：  【信息】： 00101111 
LOG_Info TDRS 【时间】 2019-05-25  20:37:33 914：  【信息】： 队列中出来的信号:00101111 
LOG_Info TDRS 【时间】 2019-05-25  20:37:34 784：  【信息】： 00101111 
LOG_Info TDRS 【时间】 2019-05-25  20:37:34 786：  【信息】： 队列中出来的信号:00101111 
LOG_Info TDRS 【时间】 2019-05-25  20:37:35 760：  【信息】： 00101111 
LOG_Info TDRS 【时间】 2019-05-25  20:37:35 762：  【信息】： 队列中出来的信号:00101111 
LOG_Info TDRS 【时间】 2019-05-25  20:37:37 863：  【信息】： 00011111 
LOG_Info TDRS 【时间】 2019-05-25  20:37:37 865：  【信息】： 队列中出来的信号:00011111 
LOG_Info TDRS 【时间】 2019-05-25  20:37:38 842：  【信息】： 00011111 
LOG_Info TDRS 【时间】 2019-05-25  20:37:38 843：  【信息】： 队列中出来的信号:00011111 
LOG_Info TDRS 【时间】 2019-05-25  20:37:39 701：  【信息】： 00011111 
LOG_Info TDRS 【时间】 2019-05-25  20:37:39 703：  【信息】： 队列中出来的信号:00011111 
LOG_Info TDRS 【时间】 2019-05-25  20:37:43 043：  【信息】： 00011111 
LOG_Info TDRS 【时间】 2019-05-25  20:37:43 045：  【信息】： 队列中出来的信号:00011111 
LOG_Info TDRS 【时间】 2019-05-25  20:37:43 905：  【信息】： 00011111 
LOG_Info TDRS 【时间】 2019-05-25  20:37:43 907：  【信息】： 队列中出来的信号:00011111 
LOG_Info TDRS 【时间】 2019-05-25  20:37:44 880：  【信息】： 00011111 
LOG_Info TDRS 【时间】 2019-05-25  20:37:44 881：  【信息】： 队列中出来的信号:00011111 
LOG_Info TDRS 【时间】 2019-05-25  20:43:52 211：  【信息】： Listen Success! 
LOG_Info TDRS 【时间】 2019-05-25  20:43:52 212：  【信息】： Socket Listen connected. 
LOG_Info TDRS 【时间】 2019-05-25  20:43:52 231：  【信息】： STSEventLog Modle started!  
LOG_Info TDRS 【时间】 2019-05-25  20:43:52 234：  【信息】： Schedule modle started! 
LOG_Info TDRS 【时间】 2019-05-25  20:43:52 503：  【信息】： VoltageController modle started! 
LOG_Info TDRS 【时间】 2019-05-25  20:43:52 599：  【信息】： 192.168.20.7:59156:Connect Success!
 
LOG_Info TDRS 【时间】 2019-05-25  20:43:55 264：  【信息】： 192.168.20.7:59160:Connect Success!
 
LOG_Info TDRS 【时间】 2019-05-25  20:43:55 266：  【信息】： 192.168.20.7:59160:hello
 
LOG_Info TDRS 【时间】 2019-05-25  20:48:07 557：  【信息】： 输出电压等级：1 
LOG_Info TDRS 【时间】 2019-05-25  20:49:07 557：  【信息】： 输出电压等级：1 
LOG_Info TDRS 【时间】 2019-05-25  20:50:07 560：  【信息】： 输出电压等级：1 
LOG_Info TDRS 【时间】 2019-05-25  20:50:37 893：  【信息】： 10001111 
LOG_Info TDRS 【时间】 2019-05-25  20:50:37 895：  【信息】： 队列中出来的信号:10001111 
LOG_Info TDRS 【时间】 2019-05-25  20:50:37 896：  【信息】： 开启一号磁钢计数结果为: 1 
LOG_Info TDRS 【时间】 2019-05-25  20:50:38 510：  【信息】： 10001111 
LOG_Info TDRS 【时间】 2019-05-25  20:50:38 512：  【信息】： 队列中出来的信号:10001111 
LOG_Info TDRS 【时间】 2019-05-25  20:50:38 512：  【信息】： 开启一号磁钢计数结果为: 2 
LOG_Info TDRS 【时间】 2019-05-25  20:50:39 143：  【信息】： 10001111 
LOG_Info TDRS 【时间】 2019-05-25  20:50:39 147：  【信息】： 队列中出来的信号:10001111 
LOG_Info TDRS 【时间】 2019-05-25  20:50:39 147：  【信息】： 开启一号磁钢计数结果为: 3 
LOG_Info TDRS 【时间】 2019-05-25  20:50:42 415：  【信息】： 10001111 
LOG_Info TDRS 【时间】 2019-05-25  20:50:42 418：  【信息】： 队列中出来的信号:10001111 
LOG_Info TDRS 【时间】 2019-05-25  20:50:42 418：  【信息】： 开启一号磁钢计数结果为: 4 
LOG_Info TDRS 【时间】 2019-05-25  20:50:43 188：  【信息】： 10001111 
LOG_Info TDRS 【时间】 2019-05-25  20:50:43 190：  【信息】： 队列中出来的信号:10001111 
LOG_Info TDRS 【时间】 2019-05-25  20:50:43 190：  【信息】： 所有磁钢信号为空，不作任何处理！ 
LOG_Info TDRS 【时间】 2019-05-25  20:50:44 034：  【信息】： 10001111 
LOG_Info TDRS 【时间】 2019-05-25  20:50:44 036：  【信息】： 队列中出来的信号:10001111 
LOG_Info TDRS 【时间】 2019-05-25  20:50:44 036：  【信息】： 所有磁钢信号为空，不作任何处理！ 
LOG_Info TDRS 【时间】 2019-05-25  20:51:07 563：  【信息】： 输出电压等级：1 
LOG_Info TDRS 【时间】 2019-05-25  20:51:41 896：  【信息】： 01001111 
LOG_Info TDRS 【时间】 2019-05-25  20:51:41 898：  【信息】： 队列中出来的信号:01001111 
LOG_Info TDRS 【时间】 2019-05-25  20:51:41 898：  【信息】： 开启其他磁钢计数结果：二号磁钢：1  ；三号磁钢：0 ； 四号磁钢 ：0  
LOG_Info TDRS 【时间】 2019-05-25  20:51:42 040：  【信息】： [{"startTag":"Y","isMulti":"N","illumination":"1","station":"heifei","CameraParameters":[{"ID":4,"camera":"22637684","exposureMode":"1","exposureMax":"800","exposureMin":"1600","exposureValue":"800"},{"ID":5,"camera":"22648708","exposureMode":"1","exposureMax":"1600","exposureMin":"1600","exposureValue":"1600"}]}] 
LOG_Info TDRS 【时间】 2019-05-25  20:51:42 040：  【信息】： 发送相机开机指令！ 
LOG_Info TDRS 【时间】 2019-05-25  20:51:42 738：  【信息】： 01001111 
LOG_Info TDRS 【时间】 2019-05-25  20:51:42 740：  【信息】： 队列中出来的信号:01001111 
LOG_Info TDRS 【时间】 2019-05-25  20:51:42 740：  【信息】： 开启其他磁钢计数结果：二号磁钢：2  ；三号磁钢：0 ； 四号磁钢 ：0  
LOG_Info TDRS 【时间】 2019-05-25  20:51:43 591：  【信息】： 01001111 
LOG_Info TDRS 【时间】 2019-05-25  20:51:43 593：  【信息】： 队列中出来的信号:01001111 
LOG_Info TDRS 【时间】 2019-05-25  20:51:43 593：  【信息】： 所有磁钢信号为空，不作任何处理！ 
LOG_Info TDRS 【时间】 2019-05-25  20:51:46 510：  【信息】： 00101111 
LOG_Info TDRS 【时间】 2019-05-25  20:51:46 512：  【信息】： 队列中出来的信号:00101111 
LOG_Info TDRS 【时间】 2019-05-25  20:51:46 512：  【信息】： 开启其他磁钢计数结果：二号磁钢：2  ；三号磁钢：1 ； 四号磁钢 ：0  
LOG_Info TDRS 【时间】 2019-05-25  20:51:47 386：  【信息】： 00101111 
LOG_Info TDRS 【时间】 2019-05-25  20:51:47 389：  【信息】： 队列中出来的信号:00101111 
LOG_Info TDRS 【时间】 2019-05-25  20:51:47 389：  【信息】： 所有磁钢信号为空，不作任何处理！ 
LOG_Info TDRS 【时间】 2019-05-25  20:51:47 747：  【信息】： 01001111 
LOG_Info TDRS 【时间】 2019-05-25  20:51:47 748：  【信息】： 队列中出来的信号:01001111 
LOG_Info TDRS 【时间】 2019-05-25  20:51:47 749：  【信息】： 开启其他磁钢计数结果：二号磁钢：3  ；三号磁钢：1 ； 四号磁钢 ：0  
LOG_Info TDRS 【时间】 2019-05-25  20:51:48 269：  【信息】： 00101111 
LOG_Info TDRS 【时间】 2019-05-25  20:51:48 271：  【信息】： 队列中出来的信号:00101111 
LOG_Info TDRS 【时间】 2019-05-25  20:51:48 271：  【信息】： 所有磁钢信号为空，不作任何处理！ 
LOG_Info TDRS 【时间】 2019-05-25  20:51:48 629：  【信息】： 01001111 
LOG_Info TDRS 【时间】 2019-05-25  20:51:48 630：  【信息】： 队列中出来的信号:01001111 
LOG_Info TDRS 【时间】 2019-05-25  20:51:48 630：  【信息】： 开启其他磁钢计数结果：二号磁钢：4  ；三号磁钢：1 ； 四号磁钢 ：0  
LOG_Info TDRS 【时间】 2019-05-25  20:51:49 523：  【信息】： 01001111 
LOG_Info TDRS 【时间】 2019-05-25  20:51:49 524：  【信息】： 队列中出来的信号:01001111 
LOG_Info TDRS 【时间】 2019-05-25  20:51:49 524：  【信息】： 开启其他磁钢计数结果：二号磁钢：5  ；三号磁钢：1 ； 四号磁钢 ：0  
LOG_Info TDRS 【时间】 2019-05-25  20:51:52 514：  【信息】： 00101111 
LOG_Info TDRS 【时间】 2019-05-25  20:51:52 516：  【信息】： 队列中出来的信号:00101111 
LOG_Info TDRS 【时间】 2019-05-25  20:51:52 516：  【信息】： 所有磁钢信号为空，不作任何处理！ 
LOG_Info TDRS 【时间】 2019-05-25  20:51:53 369：  【信息】： 00101111 
LOG_Info TDRS 【时间】 2019-05-25  20:51:53 370：  【信息】： 队列中出来的信号:00101111 
LOG_Info TDRS 【时间】 2019-05-25  20:51:53 370：  【信息】： 开启其他磁钢计数结果：二号磁钢：5  ；三号磁钢：2 ； 四号磁钢 ：0  
LOG_Info TDRS 【时间】 2019-05-25  20:51:54 193：  【信息】： 00101111 
LOG_Info TDRS 【时间】 2019-05-25  20:51:54 195：  【信息】： 队列中出来的信号:00101111 
LOG_Info TDRS 【时间】 2019-05-25  20:51:54 195：  【信息】： 开启其他磁钢计数结果：二号磁钢：5  ；三号磁钢：3 ； 四号磁钢 ：0  
LOG_Info TDRS 【时间】 2019-05-25  20:51:56 299：  【信息】： 00011111 
LOG_Info TDRS 【时间】 2019-05-25  20:51:56 301：  【信息】： 队列中出来的信号:00011111 
LOG_Info TDRS 【时间】 2019-05-25  20:51:56 301：  【信息】： 开启其他磁钢计数结果：二号磁钢：5  ；三号磁钢：3 ； 四号磁钢 ：1  
LOG_Info TDRS 【时间】 2019-05-25  20:51:57 139：  【信息】： 00011111 
LOG_Info TDRS 【时间】 2019-05-25  20:51:57 141：  【信息】： 队列中出来的信号:00011111 
LOG_Info TDRS 【时间】 2019-05-25  20:51:57 141：  【信息】： 开启其他磁钢计数结果：二号磁钢：5  ；三号磁钢：3 ； 四号磁钢 ：2  
LOG_Info TDRS 【时间】 2019-05-25  20:51:57 994：  【信息】： 00011111 
LOG_Info TDRS 【时间】 2019-05-25  20:51:57 996：  【信息】： 队列中出来的信号:00011111 
LOG_Info TDRS 【时间】 2019-05-25  20:51:57 996：  【信息】： 所有磁钢信号为空，不作任何处理！ 
LOG_Info TDRS 【时间】 2019-05-25  20:52:02 212：  【信息】： 00011111 
LOG_Info TDRS 【时间】 2019-05-25  20:52:02 213：  【信息】： 队列中出来的信号:00011111 
LOG_Info TDRS 【时间】 2019-05-25  20:52:02 213：  【信息】： 开启其他磁钢计数结果：二号磁钢：5  ；三号磁钢：3 ； 四号磁钢 ：3  
LOG_Info TDRS 【时间】 2019-05-25  20:52:03 098：  【信息】： 00011111 
LOG_Info TDRS 【时间】 2019-05-25  20:52:03 100：  【信息】： 队列中出来的信号:00011111 
LOG_Info TDRS 【时间】 2019-05-25  20:52:03 100：  【信息】： 开启其他磁钢计数结果：二号磁钢：5  ；三号磁钢：3 ； 四号磁钢 ：4  
LOG_Info TDRS 【时间】 2019-05-25  20:52:03 997：  【信息】： 00011111 
LOG_Info TDRS 【时间】 2019-05-25  20:52:04 000：  【信息】： 队列中出来的信号:00011111 
LOG_Info TDRS 【时间】 2019-05-25  20:52:04 000：  【信息】： 所有磁钢信号为空，不作任何处理！ 
LOG_Info TDRS 【时间】 2019-05-25  20:52:07 565：  【信息】： 输出电压等级：1 
LOG_Info TDRS 【时间】 2019-05-25  20:52:12 043：  【信息】： 超时关闭相机 
LOG_Info TDRS 【时间】 2019-05-25  20:52:12 043：  【信息】： 超时流程关闭IDO7 
LOG_Info TDRS 【时间】 2019-05-25  20:52:12 045：  【信息】： [{"startTag":"N","isMulti":"N","illumination":"1","station":"heifei","CameraParameters":[{"ID":4,"camera":"22637684","exposureMode":"1","exposureMax":"800","exposureMin":"1600","exposureValue":"800"},{"ID":5,"camera":"22648708","exposureMode":"1","exposureMax":"1600","exposureMin":"1600","exposureValue":"1600"}]}] 
LOG_Info TDRS 【时间】 2019-05-25  20:52:12 045：  【信息】： 发送相机关机指令！ 
LOG_Info TDRS 【时间】 2019-05-25  20:52:12 047：  【信息】： 计数已清空！ 
LOG_Info TDRS 【时间】 2019-05-25  20:53:07 568：  【信息】： 输出电压等级：1 
LOG_Info TDRS 【时间】 2019-05-25  20:54:07 570：  【信息】： 输出电压等级：1 
LOG_Info TDRS 【时间】 2019-05-25  20:55:07 572：  【信息】： 输出电压等级：1 
LOG_Info TDRS 【时间】 2019-05-25  20:56:07 575：  【信息】： 输出电压等级：1 
LOG_Info TDRS 【时间】 2019-05-25  20:57:07 580：  【信息】： 输出电压等级：1 
LOG_Info TDRS 【时间】 2019-05-25  21:56:04 175：  【信息】： Listen Success! 
LOG_Info TDRS 【时间】 2019-05-25  21:56:04 177：  【信息】： Socket Listen connected. 
LOG_Info TDRS 【时间】 2019-05-25  21:56:04 195：  【信息】： STSEventLog Modle started!  
LOG_Info TDRS 【时间】 2019-05-25  21:56:04 198：  【信息】： Schedule modle started! 
LOG_Info TDRS 【时间】 2019-05-25  21:56:04 493：  【信息】： VoltageController modle started! 
LOG_Info TDRS 【时间】 2019-05-25  21:56:05 178：  【信息】： 192.168.20.7:61845:Connect Success!
 
LOG_Info TDRS 【时间】 2019-05-25  21:56:05 183：  【信息】： 192.168.20.7:61845:hello
 
LOG_Info TDRS 【时间】 2019-05-25  21:57:01 773：  【信息】： Listen Success! 
LOG_Info TDRS 【时间】 2019-05-25  21:57:01 775：  【信息】： Socket Listen connected. 
LOG_Info TDRS 【时间】 2019-05-25  21:57:01 794：  【信息】： STSEventLog Modle started!  
LOG_Info TDRS 【时间】 2019-05-25  21:57:01 798：  【信息】： Schedule modle started! 
LOG_Info TDRS 【时间】 2019-05-25  21:57:02 079：  【信息】： VoltageController modle started! 
LOG_Info TDRS 【时间】 2019-05-25  21:57:05 988：  【信息】： 192.168.20.7:61885:Connect Success!
 
LOG_Info TDRS 【时间】 2019-05-25  21:57:06 815：  【信息】： 192.168.20.7:61885:hello
 
LOG_Info TDRS 【时间】 2019-05-25  21:59:34 424：  【信息】： Listen Success! 
LOG_Info TDRS 【时间】 2019-05-25  21:59:34 426：  【信息】： Socket Listen connected. 
LOG_Info TDRS 【时间】 2019-05-25  21:59:34 447：  【信息】： STSEventLog Modle started!  
LOG_Info TDRS 【时间】 2019-05-25  21:59:34 451：  【信息】： Schedule modle started! 
LOG_Info TDRS 【时间】 2019-05-25  21:59:34 711：  【信息】： VoltageController modle started! 
LOG_Info TDRS 【时间】 2019-05-25  21:59:34 712：  【信息】： 输出电压等级：1 
LOG_Info TDRS 【时间】 2019-05-25  21:59:41 331：  【信息】： 192.168.20.7:62017:Connect Success!
 
LOG_Info TDRS 【时间】 2019-05-25  21:59:42 951：  【信息】： 192.168.20.7:62017:hello
 
LOG_Info TDRS 【时间】 2019-05-25  22:04:54 636：  【信息】： Listen Success! 
LOG_Info TDRS 【时间】 2019-05-25  22:04:54 638：  【信息】： Socket Listen connected. 
LOG_Info TDRS 【时间】 2019-05-25  22:04:54 657：  【信息】： STSEventLog Modle started!  
LOG_Info TDRS 【时间】 2019-05-25  22:04:54 660：  【信息】： Schedule modle started! 
LOG_Info TDRS 【时间】 2019-05-25  22:04:54 940：  【信息】： VoltageController modle started! 
LOG_Info TDRS 【时间】 2019-05-25  22:04:57 544：  【信息】： 192.168.20.7:62295:Connect Success!
 
LOG_Info TDRS 【时间】 2019-05-25  22:04:57 560：  【信息】： 192.168.20.7:62295:hello
 
LOG_Info TDRS 【时间】 2019-05-25  22:07:26 320：  【信息】： Listen Success! 
LOG_Info TDRS 【时间】 2019-05-25  22:07:26 321：  【信息】： Socket Listen connected. 
LOG_Info TDRS 【时间】 2019-05-25  22:07:26 348：  【信息】： STSEventLog Modle started!  
LOG_Info TDRS 【时间】 2019-05-25  22:07:26 351：  【信息】： Schedule modle started! 
LOG_Info TDRS 【时间】 2019-05-25  22:07:26 609：  【信息】： VoltageController modle started! 
LOG_Info TDRS 【时间】 2019-05-25  22:07:34 905：  【信息】： 192.168.20.7:62440:Connect Success!
 
LOG_Info TDRS 【时间】 2019-05-25  22:07:35 195：  【信息】： 192.168.20.7:62440:hello
 
LOG_Info TDRS 【时间】 2019-05-25  22:09:00 030：  【信息】： Listen Success! 
LOG_Info TDRS 【时间】 2019-05-25  22:09:00 032：  【信息】： Socket Listen connected. 
LOG_Info TDRS 【时间】 2019-05-25  22:09:00 064：  【信息】： STSEventLog Modle started!  
LOG_Info TDRS 【时间】 2019-05-25  22:09:00 067：  【信息】： Schedule modle started! 
LOG_Info TDRS 【时间】 2019-05-25  22:09:00 159：  【信息】： 192.168.20.7:62492:Connect Success!
 
LOG_Info TDRS 【时间】 2019-05-25  22:09:00 164：  【信息】： 192.168.20.7:62492:hello
 
LOG_Info TDRS 【时间】 2019-05-25  22:09:00 332：  【信息】： VoltageController modle started! 
LOG_Info TDRS 【时间】 2019-05-25  22:13:16 877：  【信息】： Listen Success! 
LOG_Info TDRS 【时间】 2019-05-25  22:13:16 880：  【信息】： Socket Listen connected. 
LOG_Info TDRS 【时间】 2019-05-25  22:13:16 899：  【信息】： STSEventLog Modle started!  
LOG_Info TDRS 【时间】 2019-05-25  22:13:16 903：  【信息】： Schedule modle started! 
LOG_Info TDRS 【时间】 2019-05-25  22:13:17 201：  【信息】： VoltageController modle started! 
LOG_Info TDRS 【时间】 2019-05-25  22:13:20 628：  【信息】： 192.168.20.7:62680:Connect Success!
 
LOG_Info TDRS 【时间】 2019-05-25  22:13:20 915：  【信息】： 192.168.20.7:62680:hello
 
LOG_Info TDRS 【时间】 2019-05-25  22:20:37 922：  【信息】： Listen Success! 
LOG_Info TDRS 【时间】 2019-05-25  22:20:37 924：  【信息】： Socket Listen connected. 
LOG_Info TDRS 【时间】 2019-05-25  22:20:38 010：  【信息】： STSEventLog Modle started!  
LOG_Info TDRS 【时间】 2019-05-25  22:20:38 020：  【信息】： Schedule modle started! 
LOG_Info TDRS 【时间】 2019-05-25  22:20:38 327：  【信息】： VoltageController modle started! 
LOG_Info TDRS 【时间】 2019-05-25  22:20:41 389：  【信息】： 192.168.20.7:63092:Connect Success!
 
LOG_Info TDRS 【时间】 2019-05-25  22:20:41 929：  【信息】： 192.168.20.7:63092:hello
 
LOG_Info TDRS 【时间】 2019-05-25  22:23:02 478：  【信息】： Listen Success! 
LOG_Info TDRS 【时间】 2019-05-25  22:23:02 480：  【信息】： Socket Listen connected. 
LOG_Info TDRS 【时间】 2019-05-25  22:23:02 498：  【信息】： STSEventLog Modle started!  
LOG_Info TDRS 【时间】 2019-05-25  22:23:02 520：  【信息】： Schedule modle started! 
LOG_Info TDRS 【时间】 2019-05-25  22:23:02 787：  【信息】： VoltageController modle started! 
LOG_Info TDRS 【时间】 2019-05-25  22:23:07 445：  【信息】： 192.168.20.7:63195:Connect Success!
 
LOG_Info TDRS 【时间】 2019-05-25  22:23:07 469：  【信息】： 192.168.20.7:63195:hello
 
LOG_Info TDRS 【时间】 2019-05-25  22:29:01 681：  【信息】： Listen Success! 
LOG_Info TDRS 【时间】 2019-05-25  22:29:01 682：  【信息】： Socket Listen connected. 
LOG_Info TDRS 【时间】 2019-05-25  22:29:01 701：  【信息】： STSEventLog Modle started!  
LOG_Info TDRS 【时间】 2019-05-25  22:29:01 704：  【信息】： Schedule modle started! 
LOG_Info TDRS 【时间】 2019-05-25  22:29:01 968：  【信息】： VoltageController modle started! 
LOG_Info TDRS 【时间】 2019-05-25  22:29:06 541：  【信息】： 192.168.20.7:63500:Connect Success!
 
LOG_Info TDRS 【时间】 2019-05-25  22:29:07 945：  【信息】： 192.168.20.7:63500:hello
 
LOG_Info TDRS 【时间】 2019-05-25  22:30:40 931：  【信息】： Listen Success! 
LOG_Info TDRS 【时间】 2019-05-25  22:30:40 932：  【信息】： Socket Listen connected. 
LOG_Info TDRS 【时间】 2019-05-25  22:30:40 952：  【信息】： STSEventLog Modle started!  
LOG_Info TDRS 【时间】 2019-05-25  22:30:40 955：  【信息】： Schedule modle started! 
LOG_Info TDRS 【时间】 2019-05-25  22:30:41 227：  【信息】： VoltageController modle started! 
LOG_Info TDRS 【时间】 2019-05-25  22:30:46 591：  【信息】： 192.168.20.7:63582:Connect Success!
 
LOG_Info TDRS 【时间】 2019-05-25  22:30:46 618：  【信息】： 192.168.20.7:63582:hello
 
LOG_Info TDRS 【时间】 2019-05-25  22:33:53 701：  【信息】： Listen Success! 
LOG_Info TDRS 【时间】 2019-05-25  22:33:53 703：  【信息】： Socket Listen connected. 
LOG_Info TDRS 【时间】 2019-05-25  22:33:53 721：  【信息】： STSEventLog Modle started!  
LOG_Info TDRS 【时间】 2019-05-25  22:33:53 726：  【信息】： Schedule modle started! 
LOG_Info TDRS 【时间】 2019-05-25  22:33:54 017：  【信息】： VoltageController modle started! 
LOG_Info TDRS 【时间】 2019-05-25  22:33:57 163：  【信息】： 192.168.20.7:63728:Connect Success!
 
LOG_Info TDRS 【时间】 2019-05-25  22:33:57 182：  【信息】： 192.168.20.7:63728:hello
 
LOG_Info TDRS 【时间】 2019-05-25  22:36:53 878：  【信息】： Listen Success! 
LOG_Info TDRS 【时间】 2019-05-25  22:36:53 880：  【信息】： Socket Listen connected. 
LOG_Info TDRS 【时间】 2019-05-25  22:36:53 901：  【信息】： STSEventLog Modle started!  
LOG_Info TDRS 【时间】 2019-05-25  22:36:53 904：  【信息】： Schedule modle started! 
LOG_Info TDRS 【时间】 2019-05-25  22:36:54 204：  【信息】： VoltageController modle started! 
LOG_Info TDRS 【时间】 2019-05-25  22:36:57 110：  【信息】： 192.168.20.7:63871:Connect Success!
 
LOG_Info TDRS 【时间】 2019-05-25  22:36:57 135：  【信息】： 192.168.20.7:63871:hello
 
LOG_Info TDRS 【时间】 2019-05-25  22:38:51 132：  【信息】： Listen Success! 
LOG_Info TDRS 【时间】 2019-05-25  22:38:51 134：  【信息】： Socket Listen connected. 
LOG_Info TDRS 【时间】 2019-05-25  22:38:51 152：  【信息】： STSEventLog Modle started!  
LOG_Info TDRS 【时间】 2019-05-25  22:38:51 155：  【信息】： Schedule modle started! 
LOG_Info TDRS 【时间】 2019-05-25  22:38:51 416：  【信息】： VoltageController modle started! 
LOG_Info TDRS 【时间】 2019-05-25  22:38:57 570：  【信息】： 192.168.20.7:63952:Connect Success!
 
LOG_Info TDRS 【时间】 2019-05-25  22:38:57 598：  【信息】： 192.168.20.7:63952:hello
 
LOG_Info TDRS 【时间】 2019-05-25  22:40:24 731：  【信息】： Listen Success! 
LOG_Info TDRS 【时间】 2019-05-25  22:40:24 735：  【信息】： Socket Listen connected. 
LOG_Info TDRS 【时间】 2019-05-25  22:40:24 755：  【信息】： STSEventLog Modle started!  
LOG_Info TDRS 【时间】 2019-05-25  22:40:24 758：  【信息】： Schedule modle started! 
LOG_Info TDRS 【时间】 2019-05-25  22:40:25 017：  【信息】： VoltageController modle started! 
LOG_Info TDRS 【时间】 2019-05-25  22:40:25 117：  【信息】： 192.168.20.7:64011:Connect Success!
 
LOG_Info TDRS 【时间】 2019-05-25  22:40:25 122：  【信息】： 192.168.20.7:64011:hello
 
LOG_Info TDRS 【时间】 2019-05-25  22:41:01 966：  【信息】： Listen Success! 
LOG_Info TDRS 【时间】 2019-05-25  22:41:01 971：  【信息】： Socket Listen connected. 
LOG_Info TDRS 【时间】 2019-05-25  22:41:01 991：  【信息】： STSEventLog Modle started!  
LOG_Info TDRS 【时间】 2019-05-25  22:41:01 994：  【信息】： Schedule modle started! 
LOG_Info TDRS 【时间】 2019-05-25  22:41:02 277：  【信息】： VoltageController modle started! 
LOG_Info TDRS 【时间】 2019-05-25  22:41:05 880：  【信息】： 192.168.20.7:64039:Connect Success!
 
LOG_Info TDRS 【时间】 2019-05-25  22:41:05 902：  【信息】： 192.168.20.7:64039:hello
 
LOG_Info TDRS 【时间】 2019-05-25  22:41:37 362：  【信息】： Listen Success! 
LOG_Info TDRS 【时间】 2019-05-25  22:41:37 366：  【信息】： Socket Listen connected. 
LOG_Info TDRS 【时间】 2019-05-25  22:41:37 385：  【信息】： STSEventLog Modle started!  
LOG_Info TDRS 【时间】 2019-05-25  22:41:37 389：  【信息】： Schedule modle started! 
LOG_Info TDRS 【时间】 2019-05-25  22:41:37 652：  【信息】： VoltageController modle started! 
LOG_Info TDRS 【时间】 2019-05-25  22:41:40 276：  【信息】： 192.168.20.7:64064:Connect Success!
 
LOG_Info TDRS 【时间】 2019-05-25  22:41:40 282：  【信息】： 192.168.20.7:64064:hello
 
LOG_Info TDRS 【时间】 2019-05-25  22:42:40 581：  【信息】： Listen Success! 
LOG_Info TDRS 【时间】 2019-05-25  22:42:40 583：  【信息】： Socket Listen connected. 
LOG_Info TDRS 【时间】 2019-05-25  22:42:40 602：  【信息】： STSEventLog Modle started!  
LOG_Info TDRS 【时间】 2019-05-25  22:42:40 605：  【信息】： Schedule modle started! 
LOG_Info TDRS 【时间】 2019-05-25  22:42:40 630：  【信息】： 192.168.20.7:64107:Connect Success!
 
LOG_Info TDRS 【时间】 2019-05-25  22:42:40 633：  【信息】： 192.168.20.7:64107:hello
 
LOG_Info TDRS 【时间】 2019-05-25  22:42:40 908：  【信息】： VoltageController modle started! 
LOG_Info TDRS 【时间】 2019-05-25  22:48:17 190：  【信息】： Listen Success! 
LOG_Info TDRS 【时间】 2019-05-25  22:48:17 191：  【信息】： Socket Listen connected. 
LOG_Info TDRS 【时间】 2019-05-25  22:48:17 210：  【信息】： STSEventLog Modle started!  
LOG_Info TDRS 【时间】 2019-05-25  22:48:17 213：  【信息】： Schedule modle started! 
LOG_Info TDRS 【时间】 2019-05-25  22:48:17 480：  【信息】： VoltageController modle started! 
LOG_Info TDRS 【时间】 2019-05-25  22:48:20 110：  【信息】： 192.168.20.7:64337:Connect Success!
 
LOG_Info TDRS 【时间】 2019-05-25  22:48:20 114：  【信息】： 192.168.20.7:64337:hello
 
LOG_Info TDRS 【时间】 2019-05-25  22:49:38 891：  【信息】： 00011111 
LOG_Info TDRS 【时间】 2019-05-25  22:49:38 892：  【信息】： 队列中出来的信号:00011111 
LOG_Info TDRS 【时间】 2019-05-25  22:49:39 713：  【信息】： 00011111 
LOG_Info TDRS 【时间】 2019-05-25  22:49:39 715：  【信息】： 队列中出来的信号:00011111 
LOG_Info TDRS 【时间】 2019-05-25  22:49:40 536：  【信息】： 00011111 
LOG_Info TDRS 【时间】 2019-05-25  22:49:40 538：  【信息】： 队列中出来的信号:00011111 
LOG_Info TDRS 【时间】 2019-05-25  22:49:40 538：  【信息】： 所有磁钢信号为空，不作任何处理！ 
